<?xml version="1.0" encoding="UTF-8"?>
<!-- Generated by org.testng.reporters.JUnitReportReporter -->
<testsuite skipped="0" hostname="Gyaneshs-MBP" name="testNgTutorial.ParameterizedTest" tests="1" failures="0" timestamp="11 Jan 2022 15:22:28 GMT" time="3.811" errors="0">
  <testcase name="paramerizedTest" time="3.811" classname="testNgTutorial.ParameterizedTest"/>
</testsuite> <!-- testNgTutorial.ParameterizedTest -->
