<?xml version="1.0" encoding="UTF-8"?>
<!-- Generated by org.testng.reporters.JUnitReportReporter -->
<testsuite skipped="0" hostname="Gyaneshs-MBP" name="testNgTutorial.IgnoreTest" tests="2" failures="0" timestamp="11 Jan 2022 14:54:58 GMT" time="0.015" errors="0">
  <testcase name="test1" time="0.013" classname="testNgTutorial.IgnoreTest"/>
  <testcase name="test2" time="0.002" classname="testNgTutorial.IgnoreTest"/>
</testsuite> <!-- testNgTutorial.IgnoreTest -->
