<?xml version="1.0" encoding="UTF-8"?>
<!-- Generated by org.testng.reporters.JUnitReportReporter -->
<testsuite skipped="0" hostname="Gyaneshs-MBP" name="testNgTutorial.DependsOnMethodsTestCase" tests="2" failures="0" timestamp="11 Jan 2022 15:08:35 GMT" time="0.013" errors="0">
  <testcase name="testCase1" time="0.001" classname="testNgTutorial.DependsOnMethodsTestCase"/>
  <testcase name="testCase2" time="0.012" classname="testNgTutorial.DependsOnMethodsTestCase"/>
</testsuite> <!-- testNgTutorial.DependsOnMethodsTestCase -->
