<?xml version="1.0" encoding="UTF-8"?>
<!-- Generated by org.testng.reporters.JUnitReportReporter -->
<testsuite skipped="0" hostname="Gyaneshs-MacBook-Pro.local" name="com.qa.jimmy.demo.Demo3" tests="1" failures="0" timestamp="07 Jan 2022 07:35:11 GMT" time="7.492" errors="0">
  <testcase name="screenshotTest" time="7.492" classname="com.qa.jimmy.demo.Demo3"/>
</testsuite> <!-- com.qa.jimmy.demo.Demo3 -->
