<?xml version="1.0" encoding="UTF-8"?>
<!-- Generated by org.testng.reporters.JUnitReportReporter -->
<testsuite skipped="0" hostname="Gyaneshs-MBP" name="testNgTutorial.TestCase1" tests="1" failures="0" timestamp="11 Jan 2022 15:05:05 GMT" time="0.012" errors="0">
  <testcase name="loginTest" time="0.012" classname="testNgTutorial.TestCase1"/>
</testsuite> <!-- testNgTutorial.TestCase1 -->
