<?xml version="1.0" encoding="UTF-8"?>
<!-- Generated by org.testng.reporters.JUnitReportReporter -->
<testsuite skipped="0" hostname="Gyaneshs-MBP" name="testNgTutorial.ParallelTest" tests="2" failures="0" timestamp="11 Jan 2022 15:46:51 GMT" time="12.837" errors="0">
  <testcase name="getChrome" time="9.684" classname="testNgTutorial.ParallelTest"/>
  <testcase name="getSafari" time="3.153" classname="testNgTutorial.ParallelTest"/>
</testsuite> <!-- testNgTutorial.ParallelTest -->
