<?xml version="1.0" encoding="UTF-8"?>
<!-- Generated by org.testng.reporters.JUnitReportReporter -->
<testsuite skipped="0" hostname="Gyaneshs-MBP" name="testNgTutorial.ParallelTest" tests="2" failures="0" timestamp="11 Jan 2022 16:27:44 GMT" time="11.408" errors="0">
  <testcase name="getChrome" time="8.062" classname="testNgTutorial.ParallelTest"/>
  <testcase name="getSafari" time="3.346" classname="testNgTutorial.ParallelTest"/>
</testsuite> <!-- testNgTutorial.ParallelTest -->
