<?xml version="1.0" encoding="UTF-8"?>
<!-- Generated by org.testng.reporters.JUnitReportReporter -->
<testsuite skipped="0" hostname="Gyaneshs-MBP" name="testNgTutorial.TestCase2" tests="1" failures="0" timestamp="11 Jan 2022 16:16:04 GMT" time="0.000" errors="0">
  <testcase name="composeMail" time="0.000" classname="testNgTutorial.TestCase2"/>
</testsuite> <!-- testNgTutorial.TestCase2 -->
